<?xml version="1.0" encoding="UTF-8"?>
<testng-results ignored="0" total="14" passed="13" failed="1" skipped="0">
  <reporter-output>
  </reporter-output>
  <suite started-at="2023-12-07T00:09:05 IST" name="Tutorial Ninja Automation Suit" finished-at="2023-12-07T00:14:44 IST" duration-ms="339630">
    <groups>
    </groups>
    <test started-at="2023-12-07T00:09:05 IST" name="Tutorials Ninja Test Cases" finished-at="2023-12-07T00:14:44 IST" duration-ms="339630">
      <class name="com.tutorialsninja.qa.testcases.SearchTest">
        <test-method is-config="true" signature="setup()[pri:0, instance:com.tutorialsninja.qa.testcases.SearchTest@5ab956d7]" started-at="2023-12-07T00:13:44 IST" name="setup" finished-at="2023-12-07T00:13:59 IST" duration-ms="15467" status="PASS">
          <reporter-output>
          </reporter-output>
        </test-method> <!-- setup -->
        <test-method signature="verifySearchwithValidProduct()[pri:1, instance:com.tutorialsninja.qa.testcases.SearchTest@5ab956d7]" started-at="2023-12-07T00:13:59 IST" name="verifySearchwithValidProduct" finished-at="2023-12-07T00:14:01 IST" duration-ms="1412" status="PASS">
          <reporter-output>
          </reporter-output>
        </test-method> <!-- verifySearchwithValidProduct -->
        <test-method is-config="true" signature="teardown()[pri:0, instance:com.tutorialsninja.qa.testcases.SearchTest@5ab956d7]" started-at="2023-12-07T00:14:01 IST" name="teardown" finished-at="2023-12-07T00:14:03 IST" duration-ms="2382" status="PASS">
          <reporter-output>
          </reporter-output>
        </test-method> <!-- teardown -->
        <test-method is-config="true" signature="setup()[pri:0, instance:com.tutorialsninja.qa.testcases.SearchTest@5ab956d7]" started-at="2023-12-07T00:14:03 IST" name="setup" finished-at="2023-12-07T00:14:20 IST" duration-ms="16999" status="PASS">
          <reporter-output>
          </reporter-output>
        </test-method> <!-- setup -->
        <test-method signature="verifySearchwithInvalidProduct()[pri:2, instance:com.tutorialsninja.qa.testcases.SearchTest@5ab956d7]" started-at="2023-12-07T00:14:20 IST" name="verifySearchwithInvalidProduct" finished-at="2023-12-07T00:14:21 IST" duration-ms="904" status="PASS">
          <reporter-output>
          </reporter-output>
        </test-method> <!-- verifySearchwithInvalidProduct -->
        <test-method is-config="true" signature="teardown()[pri:0, instance:com.tutorialsninja.qa.testcases.SearchTest@5ab956d7]" started-at="2023-12-07T00:14:21 IST" name="teardown" finished-at="2023-12-07T00:14:24 IST" duration-ms="2386" status="PASS">
          <reporter-output>
          </reporter-output>
        </test-method> <!-- teardown -->
        <test-method is-config="true" signature="setup()[pri:0, instance:com.tutorialsninja.qa.testcases.SearchTest@5ab956d7]" started-at="2023-12-07T00:14:24 IST" name="setup" finished-at="2023-12-07T00:14:41 IST" duration-ms="17215" status="PASS">
          <reporter-output>
          </reporter-output>
        </test-method> <!-- setup -->
        <test-method signature="verifySearchWithoutanyProduct()[pri:3, instance:com.tutorialsninja.qa.testcases.SearchTest@5ab956d7]" started-at="2023-12-07T00:14:41 IST" name="verifySearchWithoutanyProduct" finished-at="2023-12-07T00:14:42 IST" duration-ms="1142" status="PASS">
          <reporter-output>
          </reporter-output>
        </test-method> <!-- verifySearchWithoutanyProduct -->
        <test-method is-config="true" signature="teardown()[pri:0, instance:com.tutorialsninja.qa.testcases.SearchTest@5ab956d7]" started-at="2023-12-07T00:14:42 IST" name="teardown" finished-at="2023-12-07T00:14:44 IST" duration-ms="2267" status="PASS">
          <reporter-output>
          </reporter-output>
        </test-method> <!-- teardown -->
      </class> <!-- com.tutorialsninja.qa.testcases.SearchTest -->
      <class name="com.tutorialsninja.qa.testcases.LoginTest">
        <test-method is-config="true" signature="setup()[pri:0, instance:com.tutorialsninja.qa.testcases.LoginTest@2892d68]" started-at="2023-12-07T00:10:52 IST" name="setup" finished-at="2023-12-07T00:11:15 IST" duration-ms="22520" status="PASS">
          <reporter-output>
          </reporter-output>
        </test-method> <!-- setup -->
        <test-method signature="verifyLogincredential(java.lang.String,java.lang.String)[pri:1, instance:com.tutorialsninja.qa.testcases.LoginTest@2892d68]" started-at="2023-12-07T00:11:15 IST" name="verifyLogincredential" data-provider="validcredentialSupplier" finished-at="2023-12-07T00:11:16 IST" duration-ms="1624" status="PASS">
          <params>
            <param index="0">
              <value>
                <![CDATA[rahul0396rathod@gmail.com]]>
              </value>
            </param>
            <param index="1">
              <value>
                <![CDATA[Test@123]]>
              </value>
            </param>
          </params>
          <reporter-output>
          </reporter-output>
        </test-method> <!-- verifyLogincredential -->
        <test-method is-config="true" signature="teardown()[pri:0, instance:com.tutorialsninja.qa.testcases.LoginTest@2892d68]" started-at="2023-12-07T00:11:16 IST" name="teardown" finished-at="2023-12-07T00:11:19 IST" duration-ms="2532" status="PASS">
          <reporter-output>
          </reporter-output>
        </test-method> <!-- teardown -->
        <test-method is-config="true" signature="setup()[pri:0, instance:com.tutorialsninja.qa.testcases.LoginTest@2892d68]" started-at="2023-12-07T00:11:19 IST" name="setup" finished-at="2023-12-07T00:11:35 IST" duration-ms="16487" status="PASS">
          <reporter-output>
          </reporter-output>
        </test-method> <!-- setup -->
        <test-method signature="verifyLogincredential(java.lang.String,java.lang.String)[pri:1, instance:com.tutorialsninja.qa.testcases.LoginTest@2892d68]" started-at="2023-12-07T00:11:35 IST" name="verifyLogincredential" data-provider="validcredentialSupplier" finished-at="2023-12-07T00:11:37 IST" duration-ms="1399" status="PASS">
          <params>
            <param index="0">
              <value>
                <![CDATA[rr0699832@gmail.com]]>
              </value>
            </param>
            <param index="1">
              <value>
                <![CDATA[Test@123]]>
              </value>
            </param>
          </params>
          <reporter-output>
          </reporter-output>
        </test-method> <!-- verifyLogincredential -->
        <test-method is-config="true" signature="teardown()[pri:0, instance:com.tutorialsninja.qa.testcases.LoginTest@2892d68]" started-at="2023-12-07T00:11:37 IST" name="teardown" finished-at="2023-12-07T00:11:39 IST" duration-ms="2264" status="PASS">
          <reporter-output>
          </reporter-output>
        </test-method> <!-- teardown -->
        <test-method is-config="true" signature="setup()[pri:0, instance:com.tutorialsninja.qa.testcases.LoginTest@2892d68]" started-at="2023-12-07T00:11:39 IST" name="setup" finished-at="2023-12-07T00:11:56 IST" duration-ms="17224" status="PASS">
          <reporter-output>
          </reporter-output>
        </test-method> <!-- setup -->
        <test-method signature="verifyLogincredential(java.lang.String,java.lang.String)[pri:1, instance:com.tutorialsninja.qa.testcases.LoginTest@2892d68]" started-at="2023-12-07T00:11:56 IST" name="verifyLogincredential" data-provider="validcredentialSupplier" finished-at="2023-12-07T00:11:58 IST" duration-ms="1474" status="PASS">
          <params>
            <param index="0">
              <value>
                <![CDATA[rr0699832@gmail.com]]>
              </value>
            </param>
            <param index="1">
              <value>
                <![CDATA[Test@123]]>
              </value>
            </param>
          </params>
          <reporter-output>
          </reporter-output>
        </test-method> <!-- verifyLogincredential -->
        <test-method is-config="true" signature="teardown()[pri:0, instance:com.tutorialsninja.qa.testcases.LoginTest@2892d68]" started-at="2023-12-07T00:11:58 IST" name="teardown" finished-at="2023-12-07T00:12:00 IST" duration-ms="2355" status="PASS">
          <reporter-output>
          </reporter-output>
        </test-method> <!-- teardown -->
        <test-method is-config="true" signature="setup()[pri:0, instance:com.tutorialsninja.qa.testcases.LoginTest@2892d68]" started-at="2023-12-07T00:12:00 IST" name="setup" finished-at="2023-12-07T00:12:25 IST" duration-ms="25109" status="PASS">
          <reporter-output>
          </reporter-output>
        </test-method> <!-- setup -->
        <test-method signature="verifyloginwithInvalidcredential()[pri:2, instance:com.tutorialsninja.qa.testcases.LoginTest@2892d68]" started-at="2023-12-07T00:12:25 IST" name="verifyloginwithInvalidcredential" finished-at="2023-12-07T00:12:26 IST" duration-ms="1168" status="PASS">
          <reporter-output>
          </reporter-output>
        </test-method> <!-- verifyloginwithInvalidcredential -->
        <test-method is-config="true" signature="teardown()[pri:0, instance:com.tutorialsninja.qa.testcases.LoginTest@2892d68]" started-at="2023-12-07T00:12:26 IST" name="teardown" finished-at="2023-12-07T00:12:29 IST" duration-ms="2379" status="PASS">
          <reporter-output>
          </reporter-output>
        </test-method> <!-- teardown -->
        <test-method is-config="true" signature="setup()[pri:0, instance:com.tutorialsninja.qa.testcases.LoginTest@2892d68]" started-at="2023-12-07T00:12:29 IST" name="setup" finished-at="2023-12-07T00:12:46 IST" duration-ms="16898" status="PASS">
          <reporter-output>
          </reporter-output>
        </test-method> <!-- setup -->
        <test-method signature="verifyloginwithInvalidemanilandvalidPass()[pri:3, instance:com.tutorialsninja.qa.testcases.LoginTest@2892d68]" started-at="2023-12-07T00:12:46 IST" name="verifyloginwithInvalidemanilandvalidPass" finished-at="2023-12-07T00:12:47 IST" duration-ms="1093" status="PASS">
          <reporter-output>
          </reporter-output>
        </test-method> <!-- verifyloginwithInvalidemanilandvalidPass -->
        <test-method is-config="true" signature="teardown()[pri:0, instance:com.tutorialsninja.qa.testcases.LoginTest@2892d68]" started-at="2023-12-07T00:12:47 IST" name="teardown" finished-at="2023-12-07T00:12:49 IST" duration-ms="2278" status="PASS">
          <reporter-output>
          </reporter-output>
        </test-method> <!-- teardown -->
        <test-method is-config="true" signature="setup()[pri:0, instance:com.tutorialsninja.qa.testcases.LoginTest@2892d68]" started-at="2023-12-07T00:12:49 IST" name="setup" finished-at="2023-12-07T00:13:11 IST" duration-ms="21963" status="PASS">
          <reporter-output>
          </reporter-output>
        </test-method> <!-- setup -->
        <test-method signature="VerifyLoginwithValidEmanilandinvalidPass()[pri:4, instance:com.tutorialsninja.qa.testcases.LoginTest@2892d68]" started-at="2023-12-07T00:13:11 IST" name="VerifyLoginwithValidEmanilandinvalidPass" finished-at="2023-12-07T00:13:14 IST" duration-ms="3598" status="PASS">
          <reporter-output>
          </reporter-output>
        </test-method> <!-- VerifyLoginwithValidEmanilandinvalidPass -->
        <test-method is-config="true" signature="teardown()[pri:0, instance:com.tutorialsninja.qa.testcases.LoginTest@2892d68]" started-at="2023-12-07T00:13:14 IST" name="teardown" finished-at="2023-12-07T00:13:17 IST" duration-ms="2507" status="PASS">
          <reporter-output>
          </reporter-output>
        </test-method> <!-- teardown -->
        <test-method is-config="true" signature="setup()[pri:0, instance:com.tutorialsninja.qa.testcases.LoginTest@2892d68]" started-at="2023-12-07T00:13:17 IST" name="setup" finished-at="2023-12-07T00:13:41 IST" duration-ms="23721" status="PASS">
          <reporter-output>
          </reporter-output>
        </test-method> <!-- setup -->
        <test-method signature="verifyloginwithoutProvidingCredential()[pri:5, instance:com.tutorialsninja.qa.testcases.LoginTest@2892d68]" started-at="2023-12-07T00:13:41 IST" name="verifyloginwithoutProvidingCredential" finished-at="2023-12-07T00:13:42 IST" duration-ms="939" status="PASS">
          <reporter-output>
          </reporter-output>
        </test-method> <!-- verifyloginwithoutProvidingCredential -->
        <test-method is-config="true" signature="teardown()[pri:0, instance:com.tutorialsninja.qa.testcases.LoginTest@2892d68]" started-at="2023-12-07T00:13:42 IST" name="teardown" finished-at="2023-12-07T00:13:44 IST" duration-ms="2340" status="PASS">
          <reporter-output>
          </reporter-output>
        </test-method> <!-- teardown -->
      </class> <!-- com.tutorialsninja.qa.testcases.LoginTest -->
      <class name="com.tutorialsninja.qa.testcases.RegisterPageTest">
        <test-method is-config="true" signature="setup()[pri:0, instance:com.tutorialsninja.qa.testcases.RegisterPageTest@783a467b]" started-at="2023-12-07T00:09:05 IST" name="setup" finished-at="2023-12-07T00:09:32 IST" duration-ms="26674" status="PASS">
          <reporter-output>
          </reporter-output>
        </test-method> <!-- setup -->
        <test-method signature="VerifiRegisterAccount()[pri:1, instance:com.tutorialsninja.qa.testcases.RegisterPageTest@783a467b]" started-at="2023-12-07T00:09:32 IST" name="VerifiRegisterAccount" finished-at="2023-12-07T00:09:34 IST" duration-ms="1858" status="PASS">
          <reporter-output>
          </reporter-output>
        </test-method> <!-- VerifiRegisterAccount -->
        <test-method is-config="true" signature="setup()[pri:0, instance:com.tutorialsninja.qa.testcases.RegisterPageTest@783a467b]" started-at="2023-12-07T00:09:34 IST" name="setup" finished-at="2023-12-07T00:09:54 IST" duration-ms="20078" status="PASS">
          <reporter-output>
          </reporter-output>
        </test-method> <!-- setup -->
        <test-method signature="veriRegisterPagewithAllMandotoryFields()[pri:2, instance:com.tutorialsninja.qa.testcases.RegisterPageTest@783a467b]" started-at="2023-12-07T00:09:54 IST" name="veriRegisterPagewithAllMandotoryFields" finished-at="2023-12-07T00:09:54 IST" duration-ms="26" status="FAIL">
          <exception class="java.lang.IllegalArgumentException">
            <message>
              <![CDATA[Keys to send should be a not null CharSequence]]>
            </message>
            <full-stacktrace>
              <![CDATA[java.lang.IllegalArgumentException: Keys to send should be a not null CharSequence
at org.openqa.selenium.remote.RemoteWebElement.sendKeys(RemoteWebElement.java:98)
at com.tutorialsninja.qa.testcases.RegisterPageTest.veriRegisterPagewithAllMandotoryFields(RegisterPageTest.java:88)
at java.base/jdk.internal.reflect.NativeMethodAccessorImpl.invoke0(Native Method)
at java.base/jdk.internal.reflect.NativeMethodAccessorImpl.invoke(NativeMethodAccessorImpl.java:77)
at java.base/jdk.internal.reflect.DelegatingMethodAccessorImpl.invoke(DelegatingMethodAccessorImpl.java:43)
at java.base/java.lang.reflect.Method.invoke(Method.java:568)
at org.testng.internal.invokers.MethodInvocationHelper.invokeMethod(MethodInvocationHelper.java:139)
at org.testng.internal.invokers.TestInvoker.invokeMethod(TestInvoker.java:677)
at org.testng.internal.invokers.TestInvoker.invokeTestMethod(TestInvoker.java:221)
at org.testng.internal.invokers.MethodRunner.runInSequence(MethodRunner.java:50)
at org.testng.internal.invokers.TestInvoker$MethodInvocationAgent.invoke(TestInvoker.java:969)
at org.testng.internal.invokers.TestInvoker.invokeTestMethods(TestInvoker.java:194)
at org.testng.internal.invokers.TestMethodWorker.invokeTestMethods(TestMethodWorker.java:148)
at org.testng.internal.invokers.TestMethodWorker.run(TestMethodWorker.java:128)
at java.base/java.util.ArrayList.forEach(ArrayList.java:1511)
at org.testng.TestRunner.privateRun(TestRunner.java:829)
at org.testng.TestRunner.run(TestRunner.java:602)
at org.testng.SuiteRunner.runTest(SuiteRunner.java:437)
at org.testng.SuiteRunner.runSequentially(SuiteRunner.java:431)
at org.testng.SuiteRunner.privateRun(SuiteRunner.java:391)
at org.testng.SuiteRunner.run(SuiteRunner.java:330)
at org.testng.SuiteRunnerWorker.runSuite(SuiteRunnerWorker.java:52)
at org.testng.SuiteRunnerWorker.run(SuiteRunnerWorker.java:95)
at org.testng.TestNG.runSuitesSequentially(TestNG.java:1256)
at org.testng.TestNG.runSuitesLocally(TestNG.java:1176)
at org.testng.TestNG.runSuites(TestNG.java:1099)
at org.testng.TestNG.run(TestNG.java:1067)
at org.apache.maven.surefire.testng.TestNGExecutor.run(TestNGExecutor.java:308)
at org.apache.maven.surefire.testng.TestNGXmlTestSuite.execute(TestNGXmlTestSuite.java:71)
at org.apache.maven.surefire.testng.TestNGProvider.invoke(TestNGProvider.java:113)
at org.apache.maven.surefire.booter.ForkedBooter.runSuitesInProcess(ForkedBooter.java:385)
at org.apache.maven.surefire.booter.ForkedBooter.execute(ForkedBooter.java:162)
at org.apache.maven.surefire.booter.ForkedBooter.run(ForkedBooter.java:507)
at org.apache.maven.surefire.booter.ForkedBooter.main(ForkedBooter.java:495)
]]>
            </full-stacktrace>
          </exception> <!-- java.lang.IllegalArgumentException -->
          <reporter-output>
          </reporter-output>
        </test-method> <!-- veriRegisterPagewithAllMandotoryFields -->
        <test-method is-config="true" signature="setup()[pri:0, instance:com.tutorialsninja.qa.testcases.RegisterPageTest@783a467b]" started-at="2023-12-07T00:09:54 IST" name="setup" finished-at="2023-12-07T00:10:27 IST" duration-ms="32447" status="PASS">
          <reporter-output>
          </reporter-output>
        </test-method> <!-- setup -->
        <test-method signature="VerifyRegisterpagewithExistingEmail()[pri:3, instance:com.tutorialsninja.qa.testcases.RegisterPageTest@783a467b]" started-at="2023-12-07T00:10:27 IST" name="VerifyRegisterpagewithExistingEmail" finished-at="2023-12-07T00:10:28 IST" duration-ms="1768" status="PASS">
          <reporter-output>
          </reporter-output>
        </test-method> <!-- VerifyRegisterpagewithExistingEmail -->
        <test-method is-config="true" signature="setup()[pri:0, instance:com.tutorialsninja.qa.testcases.RegisterPageTest@783a467b]" started-at="2023-12-07T00:10:28 IST" name="setup" finished-at="2023-12-07T00:10:51 IST" duration-ms="22483" status="PASS">
          <reporter-output>
          </reporter-output>
        </test-method> <!-- setup -->
        <test-method signature="verifyRegisterpageWithoutFillingAnyDetails()[pri:4, instance:com.tutorialsninja.qa.testcases.RegisterPageTest@783a467b]" started-at="2023-12-07T00:10:51 IST" name="verifyRegisterpageWithoutFillingAnyDetails" finished-at="2023-12-07T00:10:52 IST" duration-ms="1239" status="PASS">
          <reporter-output>
          </reporter-output>
        </test-method> <!-- verifyRegisterpageWithoutFillingAnyDetails -->
      </class> <!-- com.tutorialsninja.qa.testcases.RegisterPageTest -->
    </test> <!-- Tutorials Ninja Test Cases -->
  </suite> <!-- Tutorial Ninja Automation Suit -->
</testng-results>
