<?xml version="1.0" encoding="UTF-8"?>
<testsuite xmlns:xsi="http://www.w3.org/2001/XMLSchema-instance" xsi:noNamespaceSchemaLocation="https://maven.apache.org/surefire/maven-surefire-plugin/xsd/surefire-test-report-3.0.xsd" version="3.0" name="TestSuite" time="344.434" tests="14" errors="0" skipped="0" failures="1">
  <properties>
[...]
</properties>
  <testcase name="VerifiRegisterAccount" classname="com.tutorialsninja.qa.testcases.RegisterPageTest" time="1.861">
    <system-err><![CDATA[SLF4J: Failed to load class "org.slf4j.impl.StaticLoggerBinder".
SLF4J: Defaulting to no-operation (NOP) logger implementation
SLF4J: See http://www.slf4j.org/codes.html#StaticLoggerBinder for further details.
1701887948410	geckodriver	INFO	Listening on 127.0.0.1:44493
1701887949363	mozrunner::runner	INFO	Running command: "C:\\Program Files\\Mozilla Firefox\\firefox.exe" "--marionette" "--remote-debugging-port" "7969" "--remote- ... ocalhost:7969/,http://[::1]:7969/" "-no-remote" "-profile" "C:\\Users\\RAHULR~1\\AppData\\Local\\Temp\\rust_mozprofileQwiw0P"
console.warn: services.settings: Ignoring preference override of remote settings server
console.warn: services.settings: Allow by setting MOZ_REMOTE_SETTINGS_DEVTOOLS=1 in the environment
1701887951019	Marionette	INFO	Marionette enabled
Dynamically enable window occlusion 0
1701887951429	Marionette	INFO	Listening on port 51662
Read port: 51662
WebDriver BiDi listening on ws://127.0.0.1:7969
1701887951661	RemoteAgent	WARN	TLS certificate errors will be ignored for this session
DevTools listening on ws://127.0.0.1:7969/devtools/browser/6c00aa32-1fa3-46a7-81dc-932060dc7792
console.warn: LoginRecipes: "Falling back to a synchronous message for: https://tutorialsninja.com."
console.warn: LoginRecipes: "Falling back to a synchronous message for: https://tutorialsninja.com."
]]></system-err>
  </testcase>
  <testcase name="veriRegisterPagewithAllMandotoryFields" classname="com.tutorialsninja.qa.testcases.RegisterPageTest" time="0.439">
    <failure message="Keys to send should be a not null CharSequence" type="java.lang.IllegalArgumentException"><![CDATA[java.lang.IllegalArgumentException: Keys to send should be a not null CharSequence
	at org.openqa.selenium.remote.RemoteWebElement.sendKeys(RemoteWebElement.java:98)
	at com.tutorialsninja.qa.testcases.RegisterPageTest.veriRegisterPagewithAllMandotoryFields(RegisterPageTest.java:88)
	at java.base/jdk.internal.reflect.NativeMethodAccessorImpl.invoke0(Native Method)
	at java.base/jdk.internal.reflect.NativeMethodAccessorImpl.invoke(NativeMethodAccessorImpl.java:77)
	at java.base/jdk.internal.reflect.DelegatingMethodAccessorImpl.invoke(DelegatingMethodAccessorImpl.java:43)
	at java.base/java.lang.reflect.Method.invoke(Method.java:568)
	at org.testng.internal.invokers.MethodInvocationHelper.invokeMethod(MethodInvocationHelper.java:139)
	at org.testng.internal.invokers.TestInvoker.invokeMethod(TestInvoker.java:677)
	at org.testng.internal.invokers.TestInvoker.invokeTestMethod(TestInvoker.java:221)
	at org.testng.internal.invokers.MethodRunner.runInSequence(MethodRunner.java:50)
	at org.testng.internal.invokers.TestInvoker$MethodInvocationAgent.invoke(TestInvoker.java:969)
	at org.testng.internal.invokers.TestInvoker.invokeTestMethods(TestInvoker.java:194)
	at org.testng.internal.invokers.TestMethodWorker.invokeTestMethods(TestMethodWorker.java:148)
	at org.testng.internal.invokers.TestMethodWorker.run(TestMethodWorker.java:128)
	at java.base/java.util.ArrayList.forEach(ArrayList.java:1511)
	at org.testng.TestRunner.privateRun(TestRunner.java:829)
	at org.testng.TestRunner.run(TestRunner.java:602)
	at org.testng.SuiteRunner.runTest(SuiteRunner.java:437)
	at org.testng.SuiteRunner.runSequentially(SuiteRunner.java:431)
	at org.testng.SuiteRunner.privateRun(SuiteRunner.java:391)
	at org.testng.SuiteRunner.run(SuiteRunner.java:330)
	at org.testng.SuiteRunnerWorker.runSuite(SuiteRunnerWorker.java:52)
	at org.testng.SuiteRunnerWorker.run(SuiteRunnerWorker.java:95)
	at org.testng.TestNG.runSuitesSequentially(TestNG.java:1256)
	at org.testng.TestNG.runSuitesLocally(TestNG.java:1176)
	at org.testng.TestNG.runSuites(TestNG.java:1099)
	at org.testng.TestNG.run(TestNG.java:1067)
	at org.apache.maven.surefire.testng.TestNGExecutor.run(TestNGExecutor.java:308)
	at org.apache.maven.surefire.testng.TestNGXmlTestSuite.execute(TestNGXmlTestSuite.java:71)
	at org.apache.maven.surefire.testng.TestNGProvider.invoke(TestNGProvider.java:113)
	at org.apache.maven.surefire.booter.ForkedBooter.runSuitesInProcess(ForkedBooter.java:385)
	at org.apache.maven.surefire.booter.ForkedBooter.execute(ForkedBooter.java:162)
	at org.apache.maven.surefire.booter.ForkedBooter.run(ForkedBooter.java:507)
	at org.apache.maven.surefire.booter.ForkedBooter.main(ForkedBooter.java:495)
]]></failure>
    <system-out><![CDATA[ScreenShot Taken
]]></system-out>
    <system-err><![CDATA[1701887975245	geckodriver	INFO	Listening on 127.0.0.1:26839
1701887975374	mozrunner::runner	INFO	Running command: "C:\\Program Files\\Mozilla Firefox\\firefox.exe" "--marionette" "--remote-debugging-port" "17228" "--remote ... alhost:17228/,http://[::1]:17228/" "-no-remote" "-profile" "C:\\Users\\RAHULR~1\\AppData\\Local\\Temp\\rust_mozprofile8jAZRV"
console.warn: services.settings: Ignoring preference override of remote settings server
console.warn: services.settings: Allow by setting MOZ_REMOTE_SETTINGS_DEVTOOLS=1 in the environment
1701887977152	Marionette	INFO	Marionette enabled
Dynamically enable window occlusion 0
1701887977607	Marionette	INFO	Listening on port 52417
Read port: 52417
WebDriver BiDi listening on ws://127.0.0.1:17228
1701887977836	RemoteAgent	WARN	TLS certificate errors will be ignored for this session
1701887982237	addons.xpi	ERROR	System addon update list error SyntaxError: XMLHttpRequest.open: 'http://%(server)s/dummy-system-addons.xml' is not a valid URL.
DevTools listening on ws://127.0.0.1:17228/devtools/browser/cf310b82-cecc-4f8e-963a-a0cdaccca1b9
]]></system-err>
  </testcase>
  <testcase name="VerifyRegisterpagewithExistingEmail" classname="com.tutorialsninja.qa.testcases.RegisterPageTest" time="1.766">
    <system-err><![CDATA[1701887996000	geckodriver	INFO	Listening on 127.0.0.1:19634
1701887996060	mozrunner::runner	INFO	Running command: "C:\\Program Files\\Mozilla Firefox\\firefox.exe" "--marionette" "--remote-debugging-port" "15743" "--remote ... alhost:15743/,http://[::1]:15743/" "-no-remote" "-profile" "C:\\Users\\RAHULR~1\\AppData\\Local\\Temp\\rust_mozprofilekuN2xT"
console.warn: services.settings: Ignoring preference override of remote settings server
console.warn: services.settings: Allow by setting MOZ_REMOTE_SETTINGS_DEVTOOLS=1 in the environment
1701887997877	Marionette	INFO	Marionette enabled
Dynamically enable window occlusion 0
1701887998391	Marionette	INFO	Listening on port 53127
WebDriver BiDi listening on ws://127.0.0.1:15743
Read port: 53127
1701887998708	RemoteAgent	WARN	TLS certificate errors will be ignored for this session
DevTools listening on ws://127.0.0.1:15743/devtools/browser/ffec94b8-74ab-4158-acf0-df43ac367779
1701888009021	addons.xpi	ERROR	System addon update list error SyntaxError: XMLHttpRequest.open: 'http://%(server)s/dummy-system-addons.xml' is not a valid URL.
1701888027911	addons.xpi	ERROR	System addon update list error SyntaxError: XMLHttpRequest.open: 'http://%(server)s/dummy-system-addons.xml' is not a valid URL.
console.warn: LoginRecipes: "Falling back to a synchronous message for: https://tutorialsninja.com."
console.warn: LoginRecipes: "Falling back to a synchronous message for: https://tutorialsninja.com."
]]></system-err>
  </testcase>
  <testcase name="verifyRegisterpageWithoutFillingAnyDetails" classname="com.tutorialsninja.qa.testcases.RegisterPageTest" time="1.24">
    <system-err><![CDATA[1701888030187	geckodriver	INFO	Listening on 127.0.0.1:7938
1701888030243	mozrunner::runner	INFO	Running command: "C:\\Program Files\\Mozilla Firefox\\firefox.exe" "--marionette" "--remote-debugging-port" "16908" "--remote ... alhost:16908/,http://[::1]:16908/" "-no-remote" "-profile" "C:\\Users\\RAHULR~1\\AppData\\Local\\Temp\\rust_mozprofileLc53U7"
console.warn: services.settings: Ignoring preference override of remote settings server
console.warn: services.settings: Allow by setting MOZ_REMOTE_SETTINGS_DEVTOOLS=1 in the environment
1701888031860	Marionette	INFO	Marionette enabled
Dynamically enable window occlusion 0
1701888032316	Marionette	INFO	Listening on port 54052
WebDriver BiDi listening on ws://127.0.0.1:16908
Read port: 54052
1701888032881	RemoteAgent	WARN	TLS certificate errors will be ignored for this session
DevTools listening on ws://127.0.0.1:16908/devtools/browser/3aba0d36-5f02-45d3-88f3-b260b0c9a398
console.warn: LoginRecipes: "Falling back to a synchronous message for: https://tutorialsninja.com."
console.warn: LoginRecipes: "Falling back to a synchronous message for: https://tutorialsninja.com."
]]></system-err>
  </testcase>
  <testcase name="verifyLogincredential[rahul0396rathod@gmail.com, Test@123](1)" classname="com.tutorialsninja.qa.testcases.LoginTest" time="1.624">
    <system-err><![CDATA[1701888053697	geckodriver	INFO	Listening on 127.0.0.1:41072
1701888053780	mozrunner::runner	INFO	Running command: "C:\\Program Files\\Mozilla Firefox\\firefox.exe" "--marionette" "--remote-debugging-port" "11852" "--remote ... alhost:11852/,http://[::1]:11852/" "-no-remote" "-profile" "C:\\Users\\RAHULR~1\\AppData\\Local\\Temp\\rust_mozprofileVO6wV4"
console.warn: services.settings: Ignoring preference override of remote settings server
console.warn: services.settings: Allow by setting MOZ_REMOTE_SETTINGS_DEVTOOLS=1 in the environment
1701888055330	Marionette	INFO	Marionette enabled
Dynamically enable window occlusion 0
1701888055762	Marionette	INFO	Listening on port 54941
WebDriver BiDi listening on ws://127.0.0.1:11852
Read port: 54941
1701888056254	RemoteAgent	WARN	TLS certificate errors will be ignored for this session
DevTools listening on ws://127.0.0.1:11852/devtools/browser/fe589997-ec69-428e-aee3-0b91e63eacf3
1701888061934	addons.xpi	ERROR	System addon update list error SyntaxError: XMLHttpRequest.open: 'http://%(server)s/dummy-system-addons.xml' is not a valid URL.
console.warn: LoginRecipes: "Falling back to a synchronous message for: https://tutorialsninja.com."
console.warn: LoginRecipes: "Falling back to a synchronous message for: https://tutorialsninja.com."
]]></system-err>
  </testcase>
  <testcase name="verifyLogincredential[rr0699832@gmail.com, Test@123](2)" classname="com.tutorialsninja.qa.testcases.LoginTest" time="1.398">
    <system-err><![CDATA[1701888076716	Marionette	INFO	Stopped listening on port 54941
Dynamically enable window occlusion 1
1701888080338	geckodriver	INFO	Listening on 127.0.0.1:12226
1701888080401	mozrunner::runner	INFO	Running command: "C:\\Program Files\\Mozilla Firefox\\firefox.exe" "--marionette" "--remote-debugging-port" "42648" "--remote ... alhost:42648/,http://[::1]:42648/" "-no-remote" "-profile" "C:\\Users\\RAHULR~1\\AppData\\Local\\Temp\\rust_mozprofilemgEMcK"
console.warn: services.settings: Ignoring preference override of remote settings server
console.warn: services.settings: Allow by setting MOZ_REMOTE_SETTINGS_DEVTOOLS=1 in the environment
1701888081891	Marionette	INFO	Marionette enabled
Dynamically enable window occlusion 0
1701888082366	Marionette	INFO	Listening on port 55715
Read port: 55715
WebDriver BiDi listening on ws://127.0.0.1:42648
1701888082593	RemoteAgent	WARN	TLS certificate errors will be ignored for this session
DevTools listening on ws://127.0.0.1:42648/devtools/browser/a367c52b-8daa-49b9-a0ae-4cbd1ae16c26
console.warn: LoginRecipes: "Falling back to a synchronous message for: https://tutorialsninja.com."
console.warn: LoginRecipes: "Falling back to a synchronous message for: https://tutorialsninja.com."
]]></system-err>
  </testcase>
  <testcase name="verifyLogincredential[rr0699832@gmail.com, Test@123](3)" classname="com.tutorialsninja.qa.testcases.LoginTest" time="1.475">
    <system-err><![CDATA[1701888097133	Marionette	INFO	Stopped listening on port 55715
Dynamically enable window occlusion 1
1701888100550	geckodriver	INFO	Listening on 127.0.0.1:47494
1701888100612	mozrunner::runner	INFO	Running command: "C:\\Program Files\\Mozilla Firefox\\firefox.exe" "--marionette" "--remote-debugging-port" "27779" "--remote ... alhost:27779/,http://[::1]:27779/" "-no-remote" "-profile" "C:\\Users\\RAHULR~1\\AppData\\Local\\Temp\\rust_mozprofilesIzQzL"
console.warn: services.settings: Ignoring preference override of remote settings server
console.warn: services.settings: Allow by setting MOZ_REMOTE_SETTINGS_DEVTOOLS=1 in the environment
1701888102113	Marionette	INFO	Marionette enabled
Dynamically enable window occlusion 0
1701888102540	Marionette	INFO	Listening on port 56322
WebDriver BiDi listening on ws://127.0.0.1:27779
Read port: 56322
1701888103022	RemoteAgent	WARN	TLS certificate errors will be ignored for this session
DevTools listening on ws://127.0.0.1:27779/devtools/browser/3d6ffb39-0fb8-4aca-b378-db4b5f4c66c4
console.warn: LoginRecipes: "Falling back to a synchronous message for: https://tutorialsninja.com."
console.warn: LoginRecipes: "Falling back to a synchronous message for: https://tutorialsninja.com."
]]></system-err>
  </testcase>
  <testcase name="verifyloginwithInvalidcredential" classname="com.tutorialsninja.qa.testcases.LoginTest" time="1.17">
    <system-err><![CDATA[1701888118100	Marionette	INFO	Stopped listening on port 56322
Dynamically enable window occlusion 1
1701888121643	geckodriver	INFO	Listening on 127.0.0.1:16081
1701888121730	mozrunner::runner	INFO	Running command: "C:\\Program Files\\Mozilla Firefox\\firefox.exe" "--marionette" "--remote-debugging-port" "17597" "--remote ... alhost:17597/,http://[::1]:17597/" "-no-remote" "-profile" "C:\\Users\\RAHULR~1\\AppData\\Local\\Temp\\rust_mozprofile4QMvBE"
console.warn: services.settings: Ignoring preference override of remote settings server
console.warn: services.settings: Allow by setting MOZ_REMOTE_SETTINGS_DEVTOOLS=1 in the environment
1701888123352	Marionette	INFO	Marionette enabled
Dynamically enable window occlusion 0
1701888123806	Marionette	INFO	Listening on port 56877
WebDriver BiDi listening on ws://127.0.0.1:17597
Read port: 56877
1701888124455	RemoteAgent	WARN	TLS certificate errors will be ignored for this session
DevTools listening on ws://127.0.0.1:17597/devtools/browser/0bbc508b-1052-4cab-a4b9-739738d9a70e
console.warn: LoginRecipes: "Falling back to a synchronous message for: https://tutorialsninja.com."
console.warn: LoginRecipes: "Falling back to a synchronous message for: https://tutorialsninja.com."
]]></system-err>
  </testcase>
  <testcase name="verifyloginwithInvalidemanilandvalidPass" classname="com.tutorialsninja.qa.testcases.LoginTest" time="1.093">
    <system-err><![CDATA[1701888146736	Marionette	INFO	Stopped listening on port 56877
Dynamically enable window occlusion 1
1701888150202	geckodriver	INFO	Listening on 127.0.0.1:14107
1701888150251	mozrunner::runner	INFO	Running command: "C:\\Program Files\\Mozilla Firefox\\firefox.exe" "--marionette" "--remote-debugging-port" "12070" "--remote ... alhost:12070/,http://[::1]:12070/" "-no-remote" "-profile" "C:\\Users\\RAHULR~1\\AppData\\Local\\Temp\\rust_mozprofilejOQp1D"
console.warn: services.settings: Ignoring preference override of remote settings server
console.warn: services.settings: Allow by setting MOZ_REMOTE_SETTINGS_DEVTOOLS=1 in the environment
1701888151859	Marionette	INFO	Marionette enabled
Dynamically enable window occlusion 0
1701888152343	Marionette	INFO	Listening on port 57573
WebDriver BiDi listening on ws://127.0.0.1:12070
Read port: 57573
1701888152905	RemoteAgent	WARN	TLS certificate errors will be ignored for this session
DevTools listening on ws://127.0.0.1:12070/devtools/browser/75537949-ff2d-4b38-8628-93298a4518af
console.warn: LoginRecipes: "Falling back to a synchronous message for: https://tutorialsninja.com."
console.warn: LoginRecipes: "Falling back to a synchronous message for: https://tutorialsninja.com."
]]></system-err>
  </testcase>
  <testcase name="VerifyLoginwithValidEmanilandinvalidPass" classname="com.tutorialsninja.qa.testcases.LoginTest" time="3.599">
    <system-err><![CDATA[1701888167113	Marionette	INFO	Stopped listening on port 57573
Dynamically enable window occlusion 1
1701888170591	geckodriver	INFO	Listening on 127.0.0.1:14514
1701888170641	mozrunner::runner	INFO	Running command: "C:\\Program Files\\Mozilla Firefox\\firefox.exe" "--marionette" "--remote-debugging-port" "3211" "--remote- ... ocalhost:3211/,http://[::1]:3211/" "-no-remote" "-profile" "C:\\Users\\RAHULR~1\\AppData\\Local\\Temp\\rust_mozprofileprRnzw"
console.warn: services.settings: Ignoring preference override of remote settings server
console.warn: services.settings: Allow by setting MOZ_REMOTE_SETTINGS_DEVTOOLS=1 in the environment
1701888172099	Marionette	INFO	Marionette enabled
Dynamically enable window occlusion 0
1701888172653	Marionette	INFO	Listening on port 58228
WebDriver BiDi listening on ws://127.0.0.1:3211
Read port: 58228
1701888173119	RemoteAgent	WARN	TLS certificate errors will be ignored for this session
DevTools listening on ws://127.0.0.1:3211/devtools/browser/9be62e67-f950-4e01-a454-095382bc01b0
console.warn: LoginRecipes: "Falling back to a synchronous message for: https://tutorialsninja.com."
console.warn: LoginRecipes: "Falling back to a synchronous message for: https://tutorialsninja.com."
]]></system-err>
  </testcase>
  <testcase name="verifyloginwithoutProvidingCredential" classname="com.tutorialsninja.qa.testcases.LoginTest" time="0.942">
    <system-err><![CDATA[1701888194956	Marionette	INFO	Stopped listening on port 58228
Dynamically enable window occlusion 1
1701888198871	geckodriver	INFO	Listening on 127.0.0.1:2398
1701888198929	mozrunner::runner	INFO	Running command: "C:\\Program Files\\Mozilla Firefox\\firefox.exe" "--marionette" "--remote-debugging-port" "5414" "--remote- ... ocalhost:5414/,http://[::1]:5414/" "-no-remote" "-profile" "C:\\Users\\RAHULR~1\\AppData\\Local\\Temp\\rust_mozprofileu3DBdn"
console.warn: services.settings: Ignoring preference override of remote settings server
console.warn: services.settings: Allow by setting MOZ_REMOTE_SETTINGS_DEVTOOLS=1 in the environment
1701888200424	Marionette	INFO	Marionette enabled
Dynamically enable window occlusion 0
1701888200889	Marionette	INFO	Listening on port 59111
WebDriver BiDi listening on ws://127.0.0.1:5414
Read port: 59111
1701888201399	RemoteAgent	WARN	TLS certificate errors will be ignored for this session
DevTools listening on ws://127.0.0.1:5414/devtools/browser/09cdf6da-5713-4260-8368-b425ffc063b5
console.warn: LoginRecipes: "Falling back to a synchronous message for: https://tutorialsninja.com."
console.warn: LoginRecipes: "Falling back to a synchronous message for: https://tutorialsninja.com."
]]></system-err>
  </testcase>
  <testcase name="verifySearchwithValidProduct" classname="com.tutorialsninja.qa.testcases.SearchTest" time="1.41">
    <system-err><![CDATA[1701888222131	Marionette	INFO	Stopped listening on port 59111
Dynamically enable window occlusion 1
1701888225451	geckodriver	INFO	Listening on 127.0.0.1:28964
1701888225526	mozrunner::runner	INFO	Running command: "C:\\Program Files\\Mozilla Firefox\\firefox.exe" "--marionette" "--remote-debugging-port" "47522" "--remote ... alhost:47522/,http://[::1]:47522/" "-no-remote" "-profile" "C:\\Users\\RAHULR~1\\AppData\\Local\\Temp\\rust_mozprofileNxVp3o"
console.warn: services.settings: Ignoring preference override of remote settings server
console.warn: services.settings: Allow by setting MOZ_REMOTE_SETTINGS_DEVTOOLS=1 in the environment
1701888227180	Marionette	INFO	Marionette enabled
Dynamically enable window occlusion 0
1701888227648	Marionette	INFO	Listening on port 59531
WebDriver BiDi listening on ws://127.0.0.1:47522
Read port: 59531
1701888227938	RemoteAgent	WARN	TLS certificate errors will be ignored for this session
DevTools listening on ws://127.0.0.1:47522/devtools/browser/a2a72457-c9c4-487f-a57d-3ecd9f2a4598
]]></system-err>
  </testcase>
  <testcase name="verifySearchwithInvalidProduct" classname="com.tutorialsninja.qa.testcases.SearchTest" time="0.903">
    <system-err><![CDATA[1701888241356	Marionette	INFO	Stopped listening on port 59531
Dynamically enable window occlusion 1
1701888244752	geckodriver	INFO	Listening on 127.0.0.1:7180
1701888244815	mozrunner::runner	INFO	Running command: "C:\\Program Files\\Mozilla Firefox\\firefox.exe" "--marionette" "--remote-debugging-port" "17807" "--remote ... alhost:17807/,http://[::1]:17807/" "-no-remote" "-profile" "C:\\Users\\RAHULR~1\\AppData\\Local\\Temp\\rust_mozprofiletsWJsM"
console.warn: services.settings: Ignoring preference override of remote settings server
console.warn: services.settings: Allow by setting MOZ_REMOTE_SETTINGS_DEVTOOLS=1 in the environment
1701888246289	Marionette	INFO	Marionette enabled
Dynamically enable window occlusion 0
1701888246692	Marionette	INFO	Listening on port 59992
WebDriver BiDi listening on ws://127.0.0.1:17807
Read port: 59992
1701888247220	RemoteAgent	WARN	TLS certificate errors will be ignored for this session
DevTools listening on ws://127.0.0.1:17807/devtools/browser/905face5-5a22-4af1-ad01-c5fb435f605d
]]></system-err>
  </testcase>
  <testcase name="verifySearchWithoutanyProduct" classname="com.tutorialsninja.qa.testcases.SearchTest" time="1.138">
    <system-err><![CDATA[1701888261639	Marionette	INFO	Stopped listening on port 59992
Dynamically enable window occlusion 1
1701888265205	geckodriver	INFO	Listening on 127.0.0.1:26656
1701888265284	mozrunner::runner	INFO	Running command: "C:\\Program Files\\Mozilla Firefox\\firefox.exe" "--marionette" "--remote-debugging-port" "26425" "--remote ... alhost:26425/,http://[::1]:26425/" "-no-remote" "-profile" "C:\\Users\\RAHULR~1\\AppData\\Local\\Temp\\rust_mozprofileACT4lA"
console.warn: services.settings: Ignoring preference override of remote settings server
console.warn: services.settings: Allow by setting MOZ_REMOTE_SETTINGS_DEVTOOLS=1 in the environment
1701888266952	Marionette	INFO	Marionette enabled
Dynamically enable window occlusion 0
1701888267481	Marionette	INFO	Listening on port 60335
WebDriver BiDi listening on ws://127.0.0.1:26425
Read port: 60335
1701888267742	RemoteAgent	WARN	TLS certificate errors will be ignored for this session
DevTools listening on ws://127.0.0.1:26425/devtools/browser/1aa87999-942a-4337-a5a3-ae0429c13933
]]></system-err>
  </testcase>
</testsuite>