<?xml version="1.0" encoding="UTF-8"?>
<testng-results ignored="0" total="14" passed="13" failed="1" skipped="0">
  <reporter-output>
  </reporter-output>
  <suite started-at="2023-12-04T18:34:25 IST" name="Tutorial Ninja Automation Suit" finished-at="2023-12-04T18:37:22 IST" duration-ms="176917">
    <groups>
    </groups>
    <test started-at="2023-12-04T18:34:25 IST" name="Tutorials Ninja Test Cases" finished-at="2023-12-04T18:37:22 IST" duration-ms="176917">
      <class name="com.tutorialsninja.qa.testcases.SearchTest">
        <test-method is-config="true" signature="setup()[pri:0, instance:com.tutorialsninja.qa.testcases.SearchTest@5ab956d7]" started-at="2023-12-04T18:36:48 IST" name="setup" finished-at="2023-12-04T18:36:56 IST" duration-ms="8812" status="PASS">
          <reporter-output>
          </reporter-output>
        </test-method> <!-- setup -->
        <test-method signature="verifySearchwithValidProduct()[pri:1, instance:com.tutorialsninja.qa.testcases.SearchTest@5ab956d7]" started-at="2023-12-04T18:36:56 IST" name="verifySearchwithValidProduct" finished-at="2023-12-04T18:36:57 IST" duration-ms="852" status="PASS">
          <reporter-output>
          </reporter-output>
        </test-method> <!-- verifySearchwithValidProduct -->
        <test-method is-config="true" signature="teardown()[pri:0, instance:com.tutorialsninja.qa.testcases.SearchTest@5ab956d7]" started-at="2023-12-04T18:36:57 IST" name="teardown" finished-at="2023-12-04T18:37:00 IST" duration-ms="2391" status="PASS">
          <reporter-output>
          </reporter-output>
        </test-method> <!-- teardown -->
        <test-method is-config="true" signature="setup()[pri:0, instance:com.tutorialsninja.qa.testcases.SearchTest@5ab956d7]" started-at="2023-12-04T18:37:00 IST" name="setup" finished-at="2023-12-04T18:37:08 IST" duration-ms="8824" status="PASS">
          <reporter-output>
          </reporter-output>
        </test-method> <!-- setup -->
        <test-method signature="verifySearchwithInvalidProduct()[pri:2, instance:com.tutorialsninja.qa.testcases.SearchTest@5ab956d7]" started-at="2023-12-04T18:37:08 IST" name="verifySearchwithInvalidProduct" finished-at="2023-12-04T18:37:09 IST" duration-ms="688" status="PASS">
          <reporter-output>
          </reporter-output>
        </test-method> <!-- verifySearchwithInvalidProduct -->
        <test-method is-config="true" signature="teardown()[pri:0, instance:com.tutorialsninja.qa.testcases.SearchTest@5ab956d7]" started-at="2023-12-04T18:37:09 IST" name="teardown" finished-at="2023-12-04T18:37:11 IST" duration-ms="2035" status="PASS">
          <reporter-output>
          </reporter-output>
        </test-method> <!-- teardown -->
        <test-method is-config="true" signature="setup()[pri:0, instance:com.tutorialsninja.qa.testcases.SearchTest@5ab956d7]" started-at="2023-12-04T18:37:11 IST" name="setup" finished-at="2023-12-04T18:37:19 IST" duration-ms="8178" status="PASS">
          <reporter-output>
          </reporter-output>
        </test-method> <!-- setup -->
        <test-method signature="verifySearchWithoutanyProduct()[pri:3, instance:com.tutorialsninja.qa.testcases.SearchTest@5ab956d7]" started-at="2023-12-04T18:37:19 IST" name="verifySearchWithoutanyProduct" finished-at="2023-12-04T18:37:20 IST" duration-ms="841" status="PASS">
          <reporter-output>
          </reporter-output>
        </test-method> <!-- verifySearchWithoutanyProduct -->
        <test-method is-config="true" signature="teardown()[pri:0, instance:com.tutorialsninja.qa.testcases.SearchTest@5ab956d7]" started-at="2023-12-04T18:37:20 IST" name="teardown" finished-at="2023-12-04T18:37:22 IST" duration-ms="1984" status="PASS">
          <reporter-output>
          </reporter-output>
        </test-method> <!-- teardown -->
      </class> <!-- com.tutorialsninja.qa.testcases.SearchTest -->
      <class name="com.tutorialsninja.qa.testcases.LoginTest">
        <test-method is-config="true" signature="setup()[pri:0, instance:com.tutorialsninja.qa.testcases.LoginTest@2892d68]" started-at="2023-12-04T18:35:17 IST" name="setup" finished-at="2023-12-04T18:35:27 IST" duration-ms="10231" status="PASS">
          <reporter-output>
          </reporter-output>
        </test-method> <!-- setup -->
        <test-method signature="verifyLogincredential(java.lang.String,java.lang.String)[pri:1, instance:com.tutorialsninja.qa.testcases.LoginTest@2892d68]" started-at="2023-12-04T18:35:27 IST" name="verifyLogincredential" data-provider="validcredentialSupplier" finished-at="2023-12-04T18:35:28 IST" duration-ms="1238" status="PASS">
          <params>
            <param index="0">
              <value>
                <![CDATA[rahul0396rathod@gmail.com]]>
              </value>
            </param>
            <param index="1">
              <value>
                <![CDATA[Test@123]]>
              </value>
            </param>
          </params>
          <reporter-output>
          </reporter-output>
        </test-method> <!-- verifyLogincredential -->
        <test-method is-config="true" signature="teardown()[pri:0, instance:com.tutorialsninja.qa.testcases.LoginTest@2892d68]" started-at="2023-12-04T18:35:28 IST" name="teardown" finished-at="2023-12-04T18:35:30 IST" duration-ms="1860" status="PASS">
          <reporter-output>
          </reporter-output>
        </test-method> <!-- teardown -->
        <test-method is-config="true" signature="setup()[pri:0, instance:com.tutorialsninja.qa.testcases.LoginTest@2892d68]" started-at="2023-12-04T18:35:30 IST" name="setup" finished-at="2023-12-04T18:35:40 IST" duration-ms="9867" status="PASS">
          <reporter-output>
          </reporter-output>
        </test-method> <!-- setup -->
        <test-method signature="verifyLogincredential(java.lang.String,java.lang.String)[pri:1, instance:com.tutorialsninja.qa.testcases.LoginTest@2892d68]" started-at="2023-12-04T18:35:40 IST" name="verifyLogincredential" data-provider="validcredentialSupplier" finished-at="2023-12-04T18:35:41 IST" duration-ms="1332" status="PASS">
          <params>
            <param index="0">
              <value>
                <![CDATA[rr0699832@gmail.com]]>
              </value>
            </param>
            <param index="1">
              <value>
                <![CDATA[Test@123]]>
              </value>
            </param>
          </params>
          <reporter-output>
          </reporter-output>
        </test-method> <!-- verifyLogincredential -->
        <test-method is-config="true" signature="teardown()[pri:0, instance:com.tutorialsninja.qa.testcases.LoginTest@2892d68]" started-at="2023-12-04T18:35:41 IST" name="teardown" finished-at="2023-12-04T18:35:43 IST" duration-ms="2108" status="PASS">
          <reporter-output>
          </reporter-output>
        </test-method> <!-- teardown -->
        <test-method is-config="true" signature="setup()[pri:0, instance:com.tutorialsninja.qa.testcases.LoginTest@2892d68]" started-at="2023-12-04T18:35:43 IST" name="setup" finished-at="2023-12-04T18:35:53 IST" duration-ms="9171" status="PASS">
          <reporter-output>
          </reporter-output>
        </test-method> <!-- setup -->
        <test-method signature="verifyLogincredential(java.lang.String,java.lang.String)[pri:1, instance:com.tutorialsninja.qa.testcases.LoginTest@2892d68]" started-at="2023-12-04T18:35:53 IST" name="verifyLogincredential" data-provider="validcredentialSupplier" finished-at="2023-12-04T18:35:54 IST" duration-ms="1180" status="PASS">
          <params>
            <param index="0">
              <value>
                <![CDATA[rr0699832@gmail.com]]>
              </value>
            </param>
            <param index="1">
              <value>
                <![CDATA[Test@123]]>
              </value>
            </param>
          </params>
          <reporter-output>
          </reporter-output>
        </test-method> <!-- verifyLogincredential -->
        <test-method is-config="true" signature="teardown()[pri:0, instance:com.tutorialsninja.qa.testcases.LoginTest@2892d68]" started-at="2023-12-04T18:35:54 IST" name="teardown" finished-at="2023-12-04T18:35:56 IST" duration-ms="2112" status="PASS">
          <reporter-output>
          </reporter-output>
        </test-method> <!-- teardown -->
        <test-method is-config="true" signature="setup()[pri:0, instance:com.tutorialsninja.qa.testcases.LoginTest@2892d68]" started-at="2023-12-04T18:35:56 IST" name="setup" finished-at="2023-12-04T18:36:06 IST" duration-ms="9758" status="PASS">
          <reporter-output>
          </reporter-output>
        </test-method> <!-- setup -->
        <test-method signature="verifyloginwithInvalidcredential()[pri:2, instance:com.tutorialsninja.qa.testcases.LoginTest@2892d68]" started-at="2023-12-04T18:36:06 IST" name="verifyloginwithInvalidcredential" finished-at="2023-12-04T18:36:07 IST" duration-ms="938" status="PASS">
          <reporter-output>
          </reporter-output>
        </test-method> <!-- verifyloginwithInvalidcredential -->
        <test-method is-config="true" signature="teardown()[pri:0, instance:com.tutorialsninja.qa.testcases.LoginTest@2892d68]" started-at="2023-12-04T18:36:07 IST" name="teardown" finished-at="2023-12-04T18:36:09 IST" duration-ms="2177" status="PASS">
          <reporter-output>
          </reporter-output>
        </test-method> <!-- teardown -->
        <test-method is-config="true" signature="setup()[pri:0, instance:com.tutorialsninja.qa.testcases.LoginTest@2892d68]" started-at="2023-12-04T18:36:09 IST" name="setup" finished-at="2023-12-04T18:36:19 IST" duration-ms="10397" status="PASS">
          <reporter-output>
          </reporter-output>
        </test-method> <!-- setup -->
        <test-method signature="verifyloginwithInvalidemanilandvalidPass()[pri:3, instance:com.tutorialsninja.qa.testcases.LoginTest@2892d68]" started-at="2023-12-04T18:36:19 IST" name="verifyloginwithInvalidemanilandvalidPass" finished-at="2023-12-04T18:36:20 IST" duration-ms="1092" status="PASS">
          <reporter-output>
          </reporter-output>
        </test-method> <!-- verifyloginwithInvalidemanilandvalidPass -->
        <test-method is-config="true" signature="teardown()[pri:0, instance:com.tutorialsninja.qa.testcases.LoginTest@2892d68]" started-at="2023-12-04T18:36:20 IST" name="teardown" finished-at="2023-12-04T18:36:23 IST" duration-ms="2329" status="PASS">
          <reporter-output>
          </reporter-output>
        </test-method> <!-- teardown -->
        <test-method is-config="true" signature="setup()[pri:0, instance:com.tutorialsninja.qa.testcases.LoginTest@2892d68]" started-at="2023-12-04T18:36:23 IST" name="setup" finished-at="2023-12-04T18:36:32 IST" duration-ms="9899" status="PASS">
          <reporter-output>
          </reporter-output>
        </test-method> <!-- setup -->
        <test-method signature="VerifyLoginwithValidEmanilandinvalidPass()[pri:4, instance:com.tutorialsninja.qa.testcases.LoginTest@2892d68]" started-at="2023-12-04T18:36:32 IST" name="VerifyLoginwithValidEmanilandinvalidPass" finished-at="2023-12-04T18:36:33 IST" duration-ms="860" status="PASS">
          <reporter-output>
          </reporter-output>
        </test-method> <!-- VerifyLoginwithValidEmanilandinvalidPass -->
        <test-method is-config="true" signature="teardown()[pri:0, instance:com.tutorialsninja.qa.testcases.LoginTest@2892d68]" started-at="2023-12-04T18:36:33 IST" name="teardown" finished-at="2023-12-04T18:36:35 IST" duration-ms="2043" status="PASS">
          <reporter-output>
          </reporter-output>
        </test-method> <!-- teardown -->
        <test-method is-config="true" signature="setup()[pri:0, instance:com.tutorialsninja.qa.testcases.LoginTest@2892d68]" started-at="2023-12-04T18:36:35 IST" name="setup" finished-at="2023-12-04T18:36:45 IST" duration-ms="9289" status="PASS">
          <reporter-output>
          </reporter-output>
        </test-method> <!-- setup -->
        <test-method signature="verifyloginwithoutProvidingCredential()[pri:5, instance:com.tutorialsninja.qa.testcases.LoginTest@2892d68]" started-at="2023-12-04T18:36:45 IST" name="verifyloginwithoutProvidingCredential" finished-at="2023-12-04T18:36:45 IST" duration-ms="795" status="PASS">
          <reporter-output>
          </reporter-output>
        </test-method> <!-- verifyloginwithoutProvidingCredential -->
        <test-method is-config="true" signature="teardown()[pri:0, instance:com.tutorialsninja.qa.testcases.LoginTest@2892d68]" started-at="2023-12-04T18:36:45 IST" name="teardown" finished-at="2023-12-04T18:36:48 IST" duration-ms="2105" status="PASS">
          <reporter-output>
          </reporter-output>
        </test-method> <!-- teardown -->
      </class> <!-- com.tutorialsninja.qa.testcases.LoginTest -->
      <class name="com.tutorialsninja.qa.testcases.RegisterPageTest">
        <test-method is-config="true" signature="setup()[pri:0, instance:com.tutorialsninja.qa.testcases.RegisterPageTest@783a467b]" started-at="2023-12-04T18:34:26 IST" name="setup" finished-at="2023-12-04T18:34:40 IST" duration-ms="14585" status="PASS">
          <reporter-output>
          </reporter-output>
        </test-method> <!-- setup -->
        <test-method signature="VerifiRegisterAccount()[pri:1, instance:com.tutorialsninja.qa.testcases.RegisterPageTest@783a467b]" started-at="2023-12-04T18:34:40 IST" name="VerifiRegisterAccount" finished-at="2023-12-04T18:34:42 IST" duration-ms="1932" status="PASS">
          <reporter-output>
          </reporter-output>
        </test-method> <!-- VerifiRegisterAccount -->
        <test-method is-config="true" signature="setup()[pri:0, instance:com.tutorialsninja.qa.testcases.RegisterPageTest@783a467b]" started-at="2023-12-04T18:34:42 IST" name="setup" finished-at="2023-12-04T18:34:52 IST" duration-ms="10019" status="PASS">
          <reporter-output>
          </reporter-output>
        </test-method> <!-- setup -->
        <test-method signature="veriRegisterPagewithAllMandotoryFields()[pri:2, instance:com.tutorialsninja.qa.testcases.RegisterPageTest@783a467b]" started-at="2023-12-04T18:34:52 IST" name="veriRegisterPagewithAllMandotoryFields" finished-at="2023-12-04T18:34:52 IST" duration-ms="51" status="FAIL">
          <exception class="java.lang.IllegalArgumentException">
            <message>
              <![CDATA[Keys to send should be a not null CharSequence]]>
            </message>
            <full-stacktrace>
              <![CDATA[java.lang.IllegalArgumentException: Keys to send should be a not null CharSequence
at org.openqa.selenium.remote.RemoteWebElement.sendKeys(RemoteWebElement.java:98)
at com.tutorialsninja.qa.testcases.RegisterPageTest.veriRegisterPagewithAllMandotoryFields(RegisterPageTest.java:88)
at java.base/jdk.internal.reflect.NativeMethodAccessorImpl.invoke0(Native Method)
at java.base/jdk.internal.reflect.NativeMethodAccessorImpl.invoke(NativeMethodAccessorImpl.java:77)
at java.base/jdk.internal.reflect.DelegatingMethodAccessorImpl.invoke(DelegatingMethodAccessorImpl.java:43)
at java.base/java.lang.reflect.Method.invoke(Method.java:568)
at org.testng.internal.invokers.MethodInvocationHelper.invokeMethod(MethodInvocationHelper.java:139)
at org.testng.internal.invokers.TestInvoker.invokeMethod(TestInvoker.java:677)
at org.testng.internal.invokers.TestInvoker.invokeTestMethod(TestInvoker.java:221)
at org.testng.internal.invokers.MethodRunner.runInSequence(MethodRunner.java:50)
at org.testng.internal.invokers.TestInvoker$MethodInvocationAgent.invoke(TestInvoker.java:969)
at org.testng.internal.invokers.TestInvoker.invokeTestMethods(TestInvoker.java:194)
at org.testng.internal.invokers.TestMethodWorker.invokeTestMethods(TestMethodWorker.java:148)
at org.testng.internal.invokers.TestMethodWorker.run(TestMethodWorker.java:128)
at java.base/java.util.ArrayList.forEach(ArrayList.java:1511)
at org.testng.TestRunner.privateRun(TestRunner.java:829)
at org.testng.TestRunner.run(TestRunner.java:602)
at org.testng.SuiteRunner.runTest(SuiteRunner.java:437)
at org.testng.SuiteRunner.runSequentially(SuiteRunner.java:431)
at org.testng.SuiteRunner.privateRun(SuiteRunner.java:391)
at org.testng.SuiteRunner.run(SuiteRunner.java:330)
at org.testng.SuiteRunnerWorker.runSuite(SuiteRunnerWorker.java:52)
at org.testng.SuiteRunnerWorker.run(SuiteRunnerWorker.java:95)
at org.testng.TestNG.runSuitesSequentially(TestNG.java:1256)
at org.testng.TestNG.runSuitesLocally(TestNG.java:1176)
at org.testng.TestNG.runSuites(TestNG.java:1099)
at org.testng.TestNG.run(TestNG.java:1067)
at org.apache.maven.surefire.testng.TestNGExecutor.run(TestNGExecutor.java:308)
at org.apache.maven.surefire.testng.TestNGXmlTestSuite.execute(TestNGXmlTestSuite.java:71)
at org.apache.maven.surefire.testng.TestNGProvider.invoke(TestNGProvider.java:113)
at org.apache.maven.surefire.booter.ForkedBooter.runSuitesInProcess(ForkedBooter.java:385)
at org.apache.maven.surefire.booter.ForkedBooter.execute(ForkedBooter.java:162)
at org.apache.maven.surefire.booter.ForkedBooter.run(ForkedBooter.java:507)
at org.apache.maven.surefire.booter.ForkedBooter.main(ForkedBooter.java:495)
]]>
            </full-stacktrace>
          </exception> <!-- java.lang.IllegalArgumentException -->
          <reporter-output>
          </reporter-output>
        </test-method> <!-- veriRegisterPagewithAllMandotoryFields -->
        <test-method is-config="true" signature="setup()[pri:0, instance:com.tutorialsninja.qa.testcases.RegisterPageTest@783a467b]" started-at="2023-12-04T18:34:53 IST" name="setup" finished-at="2023-12-04T18:35:03 IST" duration-ms="10163" status="PASS">
          <reporter-output>
          </reporter-output>
        </test-method> <!-- setup -->
        <test-method signature="VerifyRegisterpagewithExistingEmail()[pri:3, instance:com.tutorialsninja.qa.testcases.RegisterPageTest@783a467b]" started-at="2023-12-04T18:35:03 IST" name="VerifyRegisterpagewithExistingEmail" finished-at="2023-12-04T18:35:05 IST" duration-ms="1857" status="PASS">
          <reporter-output>
          </reporter-output>
        </test-method> <!-- VerifyRegisterpagewithExistingEmail -->
        <test-method is-config="true" signature="setup()[pri:0, instance:com.tutorialsninja.qa.testcases.RegisterPageTest@783a467b]" started-at="2023-12-04T18:35:05 IST" name="setup" finished-at="2023-12-04T18:35:16 IST" duration-ms="11188" status="PASS">
          <reporter-output>
          </reporter-output>
        </test-method> <!-- setup -->
        <test-method signature="verifyRegisterpageWithoutFillingAnyDetails()[pri:4, instance:com.tutorialsninja.qa.testcases.RegisterPageTest@783a467b]" started-at="2023-12-04T18:35:16 IST" name="verifyRegisterpageWithoutFillingAnyDetails" finished-at="2023-12-04T18:35:17 IST" duration-ms="901" status="PASS">
          <reporter-output>
          </reporter-output>
        </test-method> <!-- verifyRegisterpageWithoutFillingAnyDetails -->
      </class> <!-- com.tutorialsninja.qa.testcases.RegisterPageTest -->
    </test> <!-- Tutorials Ninja Test Cases -->
  </suite> <!-- Tutorial Ninja Automation Suit -->
</testng-results>
