<?xml version="1.0" encoding="UTF-8"?>
<testsuite xmlns:xsi="http://www.w3.org/2001/XMLSchema-instance" xsi:noNamespaceSchemaLocation="https://maven.apache.org/surefire/maven-surefire-plugin/xsd/surefire-test-report-3.0.xsd" version="3.0" name="TestSuite" time="180.446" tests="14" errors="0" skipped="0" failures="1">
  <properties>
[...]
</properties>
  <testcase name="VerifiRegisterAccount" classname="com.tutorialsninja.qa.testcases.RegisterPageTest" time="1.928">
    <system-err><![CDATA[SLF4J: Failed to load class "org.slf4j.impl.StaticLoggerBinder".
SLF4J: Defaulting to no-operation (NOP) logger implementation
SLF4J: See http://www.slf4j.org/codes.html#StaticLoggerBinder for further details.
1701695069255	geckodriver	INFO	Listening on 127.0.0.1:45354
1701695070166	mozrunner::runner	INFO	Running command: "C:\\Program Files\\Mozilla Firefox\\firefox.exe" "--marionette" "--remote-debugging-port" "19073" "--remote ... alhost:19073/,http://[::1]:19073/" "-no-remote" "-profile" "C:\\Users\\RAHULR~1\\AppData\\Local\\Temp\\rust_mozprofileo9Csmy"
console.warn: services.settings: Ignoring preference override of remote settings server
console.warn: services.settings: Allow by setting MOZ_REMOTE_SETTINGS_DEVTOOLS=1 in the environment
1701695071955	Marionette	INFO	Marionette enabled
Dynamically enable window occlusion 0
1701695072237	Marionette	INFO	Listening on port 54803
Read port: 54803
WebDriver BiDi listening on ws://127.0.0.1:19073
1701695072421	RemoteAgent	WARN	TLS certificate errors will be ignored for this session
DevTools listening on ws://127.0.0.1:19073/devtools/browser/f62d5280-6c51-46c4-93f3-1534df2e2cb2
console.warn: LoginRecipes: "Falling back to a synchronous message for: https://tutorialsninja.com."
console.warn: LoginRecipes: "Falling back to a synchronous message for: https://tutorialsninja.com."
]]></system-err>
  </testcase>
  <testcase name="veriRegisterPagewithAllMandotoryFields" classname="com.tutorialsninja.qa.testcases.RegisterPageTest" time="0.436">
    <failure message="Keys to send should be a not null CharSequence" type="java.lang.IllegalArgumentException"><![CDATA[java.lang.IllegalArgumentException: Keys to send should be a not null CharSequence
	at org.openqa.selenium.remote.RemoteWebElement.sendKeys(RemoteWebElement.java:98)
	at com.tutorialsninja.qa.testcases.RegisterPageTest.veriRegisterPagewithAllMandotoryFields(RegisterPageTest.java:88)
	at java.base/jdk.internal.reflect.NativeMethodAccessorImpl.invoke0(Native Method)
	at java.base/jdk.internal.reflect.NativeMethodAccessorImpl.invoke(NativeMethodAccessorImpl.java:77)
	at java.base/jdk.internal.reflect.DelegatingMethodAccessorImpl.invoke(DelegatingMethodAccessorImpl.java:43)
	at java.base/java.lang.reflect.Method.invoke(Method.java:568)
	at org.testng.internal.invokers.MethodInvocationHelper.invokeMethod(MethodInvocationHelper.java:139)
	at org.testng.internal.invokers.TestInvoker.invokeMethod(TestInvoker.java:677)
	at org.testng.internal.invokers.TestInvoker.invokeTestMethod(TestInvoker.java:221)
	at org.testng.internal.invokers.MethodRunner.runInSequence(MethodRunner.java:50)
	at org.testng.internal.invokers.TestInvoker$MethodInvocationAgent.invoke(TestInvoker.java:969)
	at org.testng.internal.invokers.TestInvoker.invokeTestMethods(TestInvoker.java:194)
	at org.testng.internal.invokers.TestMethodWorker.invokeTestMethods(TestMethodWorker.java:148)
	at org.testng.internal.invokers.TestMethodWorker.run(TestMethodWorker.java:128)
	at java.base/java.util.ArrayList.forEach(ArrayList.java:1511)
	at org.testng.TestRunner.privateRun(TestRunner.java:829)
	at org.testng.TestRunner.run(TestRunner.java:602)
	at org.testng.SuiteRunner.runTest(SuiteRunner.java:437)
	at org.testng.SuiteRunner.runSequentially(SuiteRunner.java:431)
	at org.testng.SuiteRunner.privateRun(SuiteRunner.java:391)
	at org.testng.SuiteRunner.run(SuiteRunner.java:330)
	at org.testng.SuiteRunnerWorker.runSuite(SuiteRunnerWorker.java:52)
	at org.testng.SuiteRunnerWorker.run(SuiteRunnerWorker.java:95)
	at org.testng.TestNG.runSuitesSequentially(TestNG.java:1256)
	at org.testng.TestNG.runSuitesLocally(TestNG.java:1176)
	at org.testng.TestNG.runSuites(TestNG.java:1099)
	at org.testng.TestNG.run(TestNG.java:1067)
	at org.apache.maven.surefire.testng.TestNGExecutor.run(TestNGExecutor.java:308)
	at org.apache.maven.surefire.testng.TestNGXmlTestSuite.execute(TestNGXmlTestSuite.java:71)
	at org.apache.maven.surefire.testng.TestNGProvider.invoke(TestNGProvider.java:113)
	at org.apache.maven.surefire.booter.ForkedBooter.runSuitesInProcess(ForkedBooter.java:385)
	at org.apache.maven.surefire.booter.ForkedBooter.execute(ForkedBooter.java:162)
	at org.apache.maven.surefire.booter.ForkedBooter.run(ForkedBooter.java:507)
	at org.apache.maven.surefire.booter.ForkedBooter.main(ForkedBooter.java:495)
]]></failure>
    <system-out><![CDATA[ScreenShot Taken
]]></system-out>
    <system-err><![CDATA[1701695083593	geckodriver	INFO	Listening on 127.0.0.1:34521
1701695083688	mozrunner::runner	INFO	Running command: "C:\\Program Files\\Mozilla Firefox\\firefox.exe" "--marionette" "--remote-debugging-port" "29635" "--remote ... alhost:29635/,http://[::1]:29635/" "-no-remote" "-profile" "C:\\Users\\RAHULR~1\\AppData\\Local\\Temp\\rust_mozprofilezMNLJL"
console.warn: services.settings: Ignoring preference override of remote settings server
console.warn: services.settings: Allow by setting MOZ_REMOTE_SETTINGS_DEVTOOLS=1 in the environment
1701695084789	Marionette	INFO	Marionette enabled
Dynamically enable window occlusion 0
1701695085075	Marionette	INFO	Listening on port 55161
WebDriver BiDi listening on ws://127.0.0.1:29635
Read port: 55161
1701695085535	RemoteAgent	WARN	TLS certificate errors will be ignored for this session
DevTools listening on ws://127.0.0.1:29635/devtools/browser/27a27902-a587-402d-b756-8a2ec46ac4ad
]]></system-err>
  </testcase>
  <testcase name="VerifyRegisterpagewithExistingEmail" classname="com.tutorialsninja.qa.testcases.RegisterPageTest" time="1.856">
    <system-err><![CDATA[1701695093921	geckodriver	INFO	Listening on 127.0.0.1:40341
1701695094029	mozrunner::runner	INFO	Running command: "C:\\Program Files\\Mozilla Firefox\\firefox.exe" "--marionette" "--remote-debugging-port" "42201" "--remote ... alhost:42201/,http://[::1]:42201/" "-no-remote" "-profile" "C:\\Users\\RAHULR~1\\AppData\\Local\\Temp\\rust_mozprofileL1I3C3"
console.warn: services.settings: Ignoring preference override of remote settings server
console.warn: services.settings: Allow by setting MOZ_REMOTE_SETTINGS_DEVTOOLS=1 in the environment
1701695095253	Marionette	INFO	Marionette enabled
Dynamically enable window occlusion 0
1701695095721	Marionette	INFO	Listening on port 55487
Read port: 55487
WebDriver BiDi listening on ws://127.0.0.1:42201
1701695095958	RemoteAgent	WARN	TLS certificate errors will be ignored for this session
DevTools listening on ws://127.0.0.1:42201/devtools/browser/69cacc42-10d6-41b2-b6a5-b950bc9743e7
1701695102100	addons.xpi	ERROR	System addon update list error SyntaxError: XMLHttpRequest.open: 'http://%(server)s/dummy-system-addons.xml' is not a valid URL.
console.warn: LoginRecipes: "Falling back to a synchronous message for: https://tutorialsninja.com."
console.warn: LoginRecipes: "Falling back to a synchronous message for: https://tutorialsninja.com."
]]></system-err>
  </testcase>
  <testcase name="verifyRegisterpageWithoutFillingAnyDetails" classname="com.tutorialsninja.qa.testcases.RegisterPageTest" time="0.893">
    <system-err><![CDATA[1701695106544	geckodriver	INFO	Listening on 127.0.0.1:19049
1701695106652	mozrunner::runner	INFO	Running command: "C:\\Program Files\\Mozilla Firefox\\firefox.exe" "--marionette" "--remote-debugging-port" "38921" "--remote ... alhost:38921/,http://[::1]:38921/" "-no-remote" "-profile" "C:\\Users\\RAHULR~1\\AppData\\Local\\Temp\\rust_mozprofilem5LPjm"
console.warn: services.settings: Ignoring preference override of remote settings server
console.warn: services.settings: Allow by setting MOZ_REMOTE_SETTINGS_DEVTOOLS=1 in the environment
1701695108107	Marionette	INFO	Marionette enabled
Dynamically enable window occlusion 0
1701695108509	Marionette	INFO	Listening on port 55936
WebDriver BiDi listening on ws://127.0.0.1:38921
Read port: 55936
1701695108961	RemoteAgent	WARN	TLS certificate errors will be ignored for this session
DevTools listening on ws://127.0.0.1:38921/devtools/browser/7a8de820-fe63-4c24-b1c6-1a5da8fbeeb8
console.warn: LoginRecipes: "Falling back to a synchronous message for: https://tutorialsninja.com."
console.warn: LoginRecipes: "Falling back to a synchronous message for: https://tutorialsninja.com."
]]></system-err>
  </testcase>
  <testcase name="verifyLogincredential[rahul0396rathod@gmail.com, Test@123](1)" classname="com.tutorialsninja.qa.testcases.LoginTest" time="1.238">
    <system-err><![CDATA[1701695117601	addons.xpi	ERROR	System addon update list error SyntaxError: XMLHttpRequest.open: 'http://%(server)s/dummy-system-addons.xml' is not a valid URL.
1701695118486	geckodriver	INFO	Listening on 127.0.0.1:45277
1701695118542	mozrunner::runner	INFO	Running command: "C:\\Program Files\\Mozilla Firefox\\firefox.exe" "--marionette" "--remote-debugging-port" "34553" "--remote ... alhost:34553/,http://[::1]:34553/" "-no-remote" "-profile" "C:\\Users\\RAHULR~1\\AppData\\Local\\Temp\\rust_mozprofileWP2J0y"
console.warn: services.settings: Ignoring preference override of remote settings server
console.warn: services.settings: Allow by setting MOZ_REMOTE_SETTINGS_DEVTOOLS=1 in the environment
1701695119791	Marionette	INFO	Marionette enabled
Dynamically enable window occlusion 0
1701695120236	Marionette	INFO	Listening on port 56724
WebDriver BiDi listening on ws://127.0.0.1:34553
Read port: 56724
1701695120693	RemoteAgent	WARN	TLS certificate errors will be ignored for this session
DevTools listening on ws://127.0.0.1:34553/devtools/browser/a9e6c038-2359-460f-832b-9aff26df0094
1701695127097	addons.xpi	ERROR	System addon update list error SyntaxError: XMLHttpRequest.open: 'http://%(server)s/dummy-system-addons.xml' is not a valid URL.
console.warn: LoginRecipes: "Falling back to a synchronous message for: https://tutorialsninja.com."
console.warn: LoginRecipes: "Falling back to a synchronous message for: https://tutorialsninja.com."
]]></system-err>
  </testcase>
  <testcase name="verifyLogincredential[rr0699832@gmail.com, Test@123](2)" classname="com.tutorialsninja.qa.testcases.LoginTest" time="1.331">
    <system-err><![CDATA[1701695128693	Marionette	INFO	Stopped listening on port 56724
Dynamically enable window occlusion 1
1701695131414	geckodriver	INFO	Listening on 127.0.0.1:18528
1701695131500	mozrunner::runner	INFO	Running command: "C:\\Program Files\\Mozilla Firefox\\firefox.exe" "--marionette" "--remote-debugging-port" "47119" "--remote ... alhost:47119/,http://[::1]:47119/" "-no-remote" "-profile" "C:\\Users\\RAHULR~1\\AppData\\Local\\Temp\\rust_mozprofilensDnup"
console.warn: services.settings: Ignoring preference override of remote settings server
console.warn: services.settings: Allow by setting MOZ_REMOTE_SETTINGS_DEVTOOLS=1 in the environment
1701695132639	Marionette	INFO	Marionette enabled
Dynamically enable window occlusion 0
1701695132931	Marionette	INFO	Listening on port 57003
WebDriver BiDi listening on ws://127.0.0.1:47119
Read port: 57003
1701695133293	RemoteAgent	WARN	TLS certificate errors will be ignored for this session
DevTools listening on ws://127.0.0.1:47119/devtools/browser/00781823-fa80-4d0a-9c54-9ecf252f4b66
1701695138203	addons.xpi	ERROR	System addon update list error SyntaxError: XMLHttpRequest.open: 'http://%(server)s/dummy-system-addons.xml' is not a valid URL.
console.warn: LoginRecipes: "Falling back to a synchronous message for: https://tutorialsninja.com."
console.warn: LoginRecipes: "Falling back to a synchronous message for: https://tutorialsninja.com."
]]></system-err>
  </testcase>
  <testcase name="verifyLogincredential[rr0699832@gmail.com, Test@123](3)" classname="com.tutorialsninja.qa.testcases.LoginTest" time="1.181">
    <system-err><![CDATA[1701695141749	Marionette	INFO	Stopped listening on port 57003
Dynamically enable window occlusion 1
1701695144707	geckodriver	INFO	Listening on 127.0.0.1:27126
1701695144798	mozrunner::runner	INFO	Running command: "C:\\Program Files\\Mozilla Firefox\\firefox.exe" "--marionette" "--remote-debugging-port" "40458" "--remote ... alhost:40458/,http://[::1]:40458/" "-no-remote" "-profile" "C:\\Users\\RAHULR~1\\AppData\\Local\\Temp\\rust_mozprofileHgYKlZ"
console.warn: services.settings: Ignoring preference override of remote settings server
console.warn: services.settings: Allow by setting MOZ_REMOTE_SETTINGS_DEVTOOLS=1 in the environment
1701695145916	Marionette	INFO	Marionette enabled
Dynamically enable window occlusion 0
1701695146215	Marionette	INFO	Listening on port 57319
WebDriver BiDi listening on ws://127.0.0.1:40458
Read port: 57319
1701695146654	RemoteAgent	WARN	TLS certificate errors will be ignored for this session
DevTools listening on ws://127.0.0.1:40458/devtools/browser/1a5eb685-a5ca-471e-9b44-6b76e0876df7
console.warn: LoginRecipes: "Falling back to a synchronous message for: https://tutorialsninja.com."
console.warn: LoginRecipes: "Falling back to a synchronous message for: https://tutorialsninja.com."
]]></system-err>
  </testcase>
  <testcase name="verifyloginwithInvalidcredential" classname="com.tutorialsninja.qa.testcases.LoginTest" time="0.939">
    <system-err><![CDATA[1701695154210	Marionette	INFO	Stopped listening on port 57319
Dynamically enable window occlusion 1
1701695157128	geckodriver	INFO	Listening on 127.0.0.1:19955
1701695157207	mozrunner::runner	INFO	Running command: "C:\\Program Files\\Mozilla Firefox\\firefox.exe" "--marionette" "--remote-debugging-port" "6758" "--remote- ... ocalhost:6758/,http://[::1]:6758/" "-no-remote" "-profile" "C:\\Users\\RAHULR~1\\AppData\\Local\\Temp\\rust_mozprofiles5QYjg"
console.warn: services.settings: Ignoring preference override of remote settings server
console.warn: services.settings: Allow by setting MOZ_REMOTE_SETTINGS_DEVTOOLS=1 in the environment
1701695158337	Marionette	INFO	Marionette enabled
Dynamically enable window occlusion 0
1701695158751	Marionette	INFO	Listening on port 57589
WebDriver BiDi listening on ws://127.0.0.1:6758
Read port: 57589
1701695159227	RemoteAgent	WARN	TLS certificate errors will be ignored for this session
DevTools listening on ws://127.0.0.1:6758/devtools/browser/489ab65c-1b36-4388-a765-65ad48f8d311
console.warn: LoginRecipes: "Falling back to a synchronous message for: https://tutorialsninja.com."
console.warn: LoginRecipes: "Falling back to a synchronous message for: https://tutorialsninja.com."
]]></system-err>
  </testcase>
  <testcase name="verifyloginwithInvalidemanilandvalidPass" classname="com.tutorialsninja.qa.testcases.LoginTest" time="1.095">
    <system-err><![CDATA[1701695167019	Marionette	INFO	Stopped listening on port 57589
Dynamically enable window occlusion 1
1701695170141	geckodriver	INFO	Listening on 127.0.0.1:12985
1701695170204	mozrunner::runner	INFO	Running command: "C:\\Program Files\\Mozilla Firefox\\firefox.exe" "--marionette" "--remote-debugging-port" "19353" "--remote ... alhost:19353/,http://[::1]:19353/" "-no-remote" "-profile" "C:\\Users\\RAHULR~1\\AppData\\Local\\Temp\\rust_mozprofilevx9uMS"
console.warn: services.settings: Ignoring preference override of remote settings server
console.warn: services.settings: Allow by setting MOZ_REMOTE_SETTINGS_DEVTOOLS=1 in the environment
1701695171629	Marionette	INFO	Marionette enabled
Dynamically enable window occlusion 0
1701695171967	Marionette	INFO	Listening on port 57931
WebDriver BiDi listening on ws://127.0.0.1:19353
Read port: 57931
1701695172525	RemoteAgent	WARN	TLS certificate errors will be ignored for this session
DevTools listening on ws://127.0.0.1:19353/devtools/browser/6b9c0050-7863-40e9-aa2a-f76e0d377a17
console.warn: LoginRecipes: "Falling back to a synchronous message for: https://tutorialsninja.com."
console.warn: LoginRecipes: "Falling back to a synchronous message for: https://tutorialsninja.com."
]]></system-err>
  </testcase>
  <testcase name="VerifyLoginwithValidEmanilandinvalidPass" classname="com.tutorialsninja.qa.testcases.LoginTest" time="0.862">
    <system-err><![CDATA[1701695180696	Marionette	INFO	Stopped listening on port 57931
Dynamically enable window occlusion 1
1701695183863	geckodriver	INFO	Listening on 127.0.0.1:18137
1701695183916	mozrunner::runner	INFO	Running command: "C:\\Program Files\\Mozilla Firefox\\firefox.exe" "--marionette" "--remote-debugging-port" "12342" "--remote ... alhost:12342/,http://[::1]:12342/" "-no-remote" "-profile" "C:\\Users\\RAHULR~1\\AppData\\Local\\Temp\\rust_mozprofileTHhkmC"
console.warn: services.settings: Ignoring preference override of remote settings server
console.warn: services.settings: Allow by setting MOZ_REMOTE_SETTINGS_DEVTOOLS=1 in the environment
1701695185066	Marionette	INFO	Marionette enabled
Dynamically enable window occlusion 0
1701695185437	Marionette	INFO	Listening on port 58222
WebDriver BiDi listening on ws://127.0.0.1:12342
Read port: 58222
1701695185915	RemoteAgent	WARN	TLS certificate errors will be ignored for this session
DevTools listening on ws://127.0.0.1:12342/devtools/browser/341a855a-0390-4892-ae2b-1c423d4c70cd
console.warn: LoginRecipes: "Falling back to a synchronous message for: https://tutorialsninja.com."
console.warn: LoginRecipes: "Falling back to a synchronous message for: https://tutorialsninja.com."
]]></system-err>
  </testcase>
  <testcase name="verifyloginwithoutProvidingCredential" classname="com.tutorialsninja.qa.testcases.LoginTest" time="0.791">
    <system-err><![CDATA[1701695193781	Marionette	INFO	Stopped listening on port 58222
Dynamically enable window occlusion 1
1701695196912	geckodriver	INFO	Listening on 127.0.0.1:18290
1701695196971	mozrunner::runner	INFO	Running command: "C:\\Program Files\\Mozilla Firefox\\firefox.exe" "--marionette" "--remote-debugging-port" "19036" "--remote ... alhost:19036/,http://[::1]:19036/" "-no-remote" "-profile" "C:\\Users\\RAHULR~1\\AppData\\Local\\Temp\\rust_mozprofileE87GaJ"
console.warn: services.settings: Ignoring preference override of remote settings server
console.warn: services.settings: Allow by setting MOZ_REMOTE_SETTINGS_DEVTOOLS=1 in the environment
1701695198052	Marionette	INFO	Marionette enabled
Dynamically enable window occlusion 0
1701695198578	Marionette	INFO	Listening on port 58663
WebDriver BiDi listening on ws://127.0.0.1:19036
Read port: 58663
1701695199101	RemoteAgent	WARN	TLS certificate errors will be ignored for this session
DevTools listening on ws://127.0.0.1:19036/devtools/browser/e5efd8f3-3153-4f3e-b4de-29ac7f5fb23d
console.warn: LoginRecipes: "Falling back to a synchronous message for: https://tutorialsninja.com."
console.warn: LoginRecipes: "Falling back to a synchronous message for: https://tutorialsninja.com."
]]></system-err>
  </testcase>
  <testcase name="verifySearchwithValidProduct" classname="com.tutorialsninja.qa.testcases.SearchTest" time="0.853">
    <system-err><![CDATA[1701695205921	Marionette	INFO	Stopped listening on port 58663
Dynamically enable window occlusion 1
1701695208969	geckodriver	INFO	Listening on 127.0.0.1:30641
1701695209041	mozrunner::runner	INFO	Running command: "C:\\Program Files\\Mozilla Firefox\\firefox.exe" "--marionette" "--remote-debugging-port" "23644" "--remote ... alhost:23644/,http://[::1]:23644/" "-no-remote" "-profile" "C:\\Users\\RAHULR~1\\AppData\\Local\\Temp\\rust_mozprofileig7eEO"
console.warn: services.settings: Ignoring preference override of remote settings server
console.warn: services.settings: Allow by setting MOZ_REMOTE_SETTINGS_DEVTOOLS=1 in the environment
1701695210195	Marionette	INFO	Marionette enabled
Dynamically enable window occlusion 0
1701695210480	Marionette	INFO	Listening on port 59026
WebDriver BiDi listening on ws://127.0.0.1:23644
Read port: 59026
1701695210855	RemoteAgent	WARN	TLS certificate errors will be ignored for this session
DevTools listening on ws://127.0.0.1:23644/devtools/browser/2673894b-e9c6-4b26-9e06-6d689efbb6fc
]]></system-err>
  </testcase>
  <testcase name="verifySearchwithInvalidProduct" classname="com.tutorialsninja.qa.testcases.SearchTest" time="0.687">
    <system-err><![CDATA[1701695217679	Marionette	INFO	Stopped listening on port 59026
Dynamically enable window occlusion 1
1701695221101	geckodriver	INFO	Listening on 127.0.0.1:45666
1701695221145	mozrunner::runner	INFO	Running command: "C:\\Program Files\\Mozilla Firefox\\firefox.exe" "--marionette" "--remote-debugging-port" "8450" "--remote- ... ocalhost:8450/,http://[::1]:8450/" "-no-remote" "-profile" "C:\\Users\\RAHULR~1\\AppData\\Local\\Temp\\rust_mozprofile8NFG0u"
console.warn: services.settings: Ignoring preference override of remote settings server
console.warn: services.settings: Allow by setting MOZ_REMOTE_SETTINGS_DEVTOOLS=1 in the environment
1701695222372	Marionette	INFO	Marionette enabled
Dynamically enable window occlusion 0
1701695222872	Marionette	INFO	Listening on port 59535
WebDriver BiDi listening on ws://127.0.0.1:8450
Read port: 59535
1701695223288	RemoteAgent	WARN	TLS certificate errors will be ignored for this session
DevTools listening on ws://127.0.0.1:8450/devtools/browser/b6f8eeb0-a980-447a-b943-ad6ee446c3c0
]]></system-err>
  </testcase>
  <testcase name="verifySearchWithoutanyProduct" classname="com.tutorialsninja.qa.testcases.SearchTest" time="0.841">
    <system-err><![CDATA[1701695229581	Marionette	INFO	Stopped listening on port 59535
Dynamically enable window occlusion 1
1701695232591	geckodriver	INFO	Listening on 127.0.0.1:46970
1701695232629	mozrunner::runner	INFO	Running command: "C:\\Program Files\\Mozilla Firefox\\firefox.exe" "--marionette" "--remote-debugging-port" "33158" "--remote ... alhost:33158/,http://[::1]:33158/" "-no-remote" "-profile" "C:\\Users\\RAHULR~1\\AppData\\Local\\Temp\\rust_mozprofile1Q0lkh"
console.warn: services.settings: Ignoring preference override of remote settings server
console.warn: services.settings: Allow by setting MOZ_REMOTE_SETTINGS_DEVTOOLS=1 in the environment
1701695233641	Marionette	INFO	Marionette enabled
Dynamically enable window occlusion 0
1701695233920	Marionette	INFO	Listening on port 60096
WebDriver BiDi listening on ws://127.0.0.1:33158
Read port: 60096
1701695234277	RemoteAgent	WARN	TLS certificate errors will be ignored for this session
DevTools listening on ws://127.0.0.1:33158/devtools/browser/3116b374-4fd1-4b98-8201-e951ad41ab3c
]]></system-err>
  </testcase>
</testsuite>