<?xml version="1.0" encoding="UTF-8"?>
<!-- Generated by org.testng.reporters.JUnitXMLReporter -->
<testsuite ignored="0" hostname="HSMUMSZLPREN087" failures="1" tests="14" name="Tutorials Ninja Test Cases" time="339.63" errors="0" timestamp="2023-12-07T00:14:47 IST">
  <testcase classname="com.tutorialsninja.qa.testcases.RegisterPageTest" name="VerifiRegisterAccount" time="1.858"/>
  <testcase classname="com.tutorialsninja.qa.testcases.RegisterPageTest" name="veriRegisterPagewithAllMandotoryFields" time="0.026">
    <failure type="java.lang.IllegalArgumentException" message="Keys to send should be a not null CharSequence">
      <![CDATA[java.lang.IllegalArgumentException: Keys to send should be a not null CharSequence
at org.openqa.selenium.remote.RemoteWebElement.sendKeys(RemoteWebElement.java:98)
at com.tutorialsninja.qa.testcases.RegisterPageTest.veriRegisterPagewithAllMandotoryFields(RegisterPageTest.java:88)
at java.base/java.util.ArrayList.forEach(ArrayList.java:1511)
... Removed 31 stack frames]]>
    </failure>
  </testcase> <!-- veriRegisterPagewithAllMandotoryFields -->
  <testcase classname="com.tutorialsninja.qa.testcases.RegisterPageTest" name="VerifyRegisterpagewithExistingEmail" time="1.768"/>
  <testcase classname="com.tutorialsninja.qa.testcases.RegisterPageTest" name="verifyRegisterpageWithoutFillingAnyDetails" time="1.239"/>
  <testcase classname="com.tutorialsninja.qa.testcases.LoginTest" name="verifyLogincredential" time="1.624"/>
  <testcase classname="com.tutorialsninja.qa.testcases.LoginTest" name="verifyLogincredential" time="1.399"/>
  <testcase classname="com.tutorialsninja.qa.testcases.LoginTest" name="verifyLogincredential" time="1.474"/>
  <testcase classname="com.tutorialsninja.qa.testcases.LoginTest" name="verifyloginwithInvalidcredential" time="1.168"/>
  <testcase classname="com.tutorialsninja.qa.testcases.LoginTest" name="verifyloginwithInvalidemanilandvalidPass" time="1.093"/>
  <testcase classname="com.tutorialsninja.qa.testcases.LoginTest" name="VerifyLoginwithValidEmanilandinvalidPass" time="3.598"/>
  <testcase classname="com.tutorialsninja.qa.testcases.LoginTest" name="verifyloginwithoutProvidingCredential" time="0.939"/>
  <testcase classname="com.tutorialsninja.qa.testcases.SearchTest" name="verifySearchwithValidProduct" time="1.412"/>
  <testcase classname="com.tutorialsninja.qa.testcases.SearchTest" name="verifySearchwithInvalidProduct" time="0.904"/>
  <testcase classname="com.tutorialsninja.qa.testcases.SearchTest" name="verifySearchWithoutanyProduct" time="1.142"/>
</testsuite> <!-- Tutorials Ninja Test Cases -->
